<?xml version="1.0" encoding="UTF-8"?>
<!-- Generated by org.testng.reporters.JUnitReportReporter -->
<testsuite hostname="Anjumols-MacBook-Air.local" failures="0" tests="1" name="EMS_USER.simpleScraping" time="136.476" errors="0" timestamp="2023-11-30T15:46:24 IST" skipped="0">
  <testcase classname="EMS_USER.simpleScraping" name="switchlocators" time="136.476"/>
</testsuite> <!-- EMS_USER.simpleScraping -->
