<?xml version="1.0" encoding="UTF-8"?>
<!-- Generated by org.testng.reporters.JUnitReportReporter -->
<testsuite hostname="Anjumols-MacBook-Air.local" failures="0" tests="1" name="EMS_ADMIN.LogoutAdmin" time="29.730" errors="0" timestamp="2023-11-30T15:46:24 IST" skipped="0">
  <testcase classname="EMS_ADMIN.LogoutAdmin" name="logOut" time="29.730"/>
</testsuite> <!-- EMS_ADMIN.LogoutAdmin -->
